{"contracts/Presale.sol":{"l":{"36":32,"37":32,"39":32,"40":32,"47":17,"48":14,"56":14,"57":12,"66":3,"74":43,"75":43,"76":43,"77":43,"85":5,"86":10,"95":2,"100":1,"101":1,"108":1,"109":0,"110":0,"111":0,"112":0,"113":0,"114":0,"119":17,"120":17,"123":12,"126":12,"128":12,"129":12,"136":12,"138":12,"139":12,"150":12,"164":12,"165":12,"181":12},"path":"/root/projects/_Sale/contracts/Presale.sol","s":{"1":32,"2":32,"3":32,"4":32,"5":17,"6":14,"7":3,"8":43,"9":43,"10":43,"11":43,"12":5,"13":10,"14":2,"15":1,"16":1,"17":1,"18":0,"19":0,"20":0,"21":0,"22":0,"23":0,"24":17,"25":17,"26":12,"27":12,"28":12,"29":12,"30":12,"31":12,"32":12,"33":12,"34":12,"35":12},"b":{"1":[32,0],"2":[32,0],"3":[14,3],"4":[12,2],"5":[0,1],"6":[0,0],"7":[0,0],"8":[0,0]},"f":{"1":32,"2":17,"3":14,"4":3,"5":43,"6":5,"7":2,"8":1,"9":1,"10":17,"11":12,"12":12,"13":12},"fnMap":{"1":{"name":null,"line":34,"loc":{"start":{"line":34,"column":4},"end":{"line":34,"column":135}}},"2":{"name":"isWhitelisted","line":46,"loc":{"start":{"line":46,"column":4},"end":{"line":46,"column":46}}},"3":{"name":"onlyWhileOpen","line":54,"loc":{"start":{"line":54,"column":4},"end":{"line":54,"column":24}}},"4":{"name":"hasClosed","line":64,"loc":{"start":{"line":64,"column":4},"end":{"line":64,"column":49}}},"5":{"name":"addToWhitelist","line":73,"loc":{"start":{"line":73,"column":4},"end":{"line":73,"column":95}}},"6":{"name":"addManyToWhitelist","line":84,"loc":{"start":{"line":84,"column":4},"end":{"line":84,"column":109}}},"7":{"name":"removeFromWhitelist","line":94,"loc":{"start":{"line":94,"column":4},"end":{"line":94,"column":71}}},"8":{"name":"finalize","line":99,"loc":{"start":{"line":99,"column":4},"end":{"line":99,"column":40}}},"9":{"name":"withdrawTokens","line":107,"loc":{"start":{"line":107,"column":4},"end":{"line":107,"column":34}}},"10":{"name":"buyTokens","line":117,"loc":{"start":{"line":117,"column":4},"end":{"line":117,"column":57}}},"11":{"name":"_getTokenAmount","line":147,"loc":{"start":{"line":147,"column":4},"end":{"line":149,"column":5}}},"12":{"name":"_processPurchase","line":158,"loc":{"start":{"line":158,"column":4},"end":{"line":163,"column":5}}},"13":{"name":"_preValidatePurchase","line":173,"loc":{"start":{"line":173,"column":4},"end":{"line":180,"column":5}}}},"statementMap":{"1":{"start":{"line":36,"column":8},"end":{"line":36,"column":47}},"2":{"start":{"line":37,"column":8},"end":{"line":37,"column":44}},"3":{"start":{"line":39,"column":8},"end":{"line":39,"column":33}},"4":{"start":{"line":40,"column":8},"end":{"line":40,"column":33}},"5":{"start":{"line":47,"column":8},"end":{"line":47,"column":51}},"6":{"start":{"line":56,"column":8},"end":{"line":56,"column":80}},"7":{"start":{"line":66,"column":8},"end":{"line":66,"column":44}},"8":{"start":{"line":74,"column":8},"end":{"line":74,"column":58}},"9":{"start":{"line":75,"column":8},"end":{"line":75,"column":30}},"10":{"start":{"line":76,"column":8},"end":{"line":76,"column":23}},"11":{"start":{"line":77,"column":8},"end":{"line":77,"column":43}},"12":{"start":{"line":85,"column":8},"end":{"line":85,"column":2833}},"13":{"start":{"line":86,"column":12},"end":{"line":86,"column":71}},"14":{"start":{"line":95,"column":8},"end":{"line":95,"column":50}},"15":{"start":{"line":100,"column":8},"end":{"line":100,"column":24}},"16":{"start":{"line":101,"column":8},"end":{"line":101,"column":24}},"17":{"start":{"line":108,"column":8},"end":{"line":108,"column":27}},"18":{"start":{"line":109,"column":8},"end":{"line":109,"column":49}},"19":{"start":{"line":110,"column":8},"end":{"line":110,"column":75}},"20":{"start":{"line":111,"column":8},"end":{"line":111,"column":44}},"21":{"start":{"line":112,"column":8},"end":{"line":112,"column":26}},"22":{"start":{"line":113,"column":8},"end":{"line":113,"column":31}},"23":{"start":{"line":114,"column":8},"end":{"line":114,"column":41}},"24":{"start":{"line":119,"column":8},"end":{"line":119,"column":36}},"25":{"start":{"line":120,"column":8},"end":{"line":120,"column":52}},"26":{"start":{"line":123,"column":8},"end":{"line":123,"column":64}},"27":{"start":{"line":126,"column":8},"end":{"line":126,"column":43}},"28":{"start":{"line":128,"column":8},"end":{"line":128,"column":45}},"29":{"start":{"line":129,"column":8},"end":{"line":129,"column":4256}},"30":{"start":{"line":136,"column":8},"end":{"line":136,"column":54}},"31":{"start":{"line":138,"column":8},"end":{"line":138,"column":22}},"32":{"start":{"line":139,"column":8},"end":{"line":139,"column":53}},"33":{"start":{"line":150,"column":8},"end":{"line":150,"column":59}},"34":{"start":{"line":164,"column":8},"end":{"line":164,"column":72}},"35":{"start":{"line":165,"column":8},"end":{"line":165,"column":56}}},"branchMap":{"1":{"line":36,"type":"if","locations":[{"start":{"line":36,"column":8},"end":{"line":36,"column":8}},{"start":{"line":36,"column":8},"end":{"line":36,"column":8}}]},"2":{"line":37,"type":"if","locations":[{"start":{"line":37,"column":8},"end":{"line":37,"column":8}},{"start":{"line":37,"column":8},"end":{"line":37,"column":8}}]},"3":{"line":47,"type":"if","locations":[{"start":{"line":47,"column":8},"end":{"line":47,"column":8}},{"start":{"line":47,"column":8},"end":{"line":47,"column":8}}]},"4":{"line":56,"type":"if","locations":[{"start":{"line":56,"column":8},"end":{"line":56,"column":8}},{"start":{"line":56,"column":8},"end":{"line":56,"column":8}}]},"5":{"line":108,"type":"if","locations":[{"start":{"line":108,"column":8},"end":{"line":108,"column":8}},{"start":{"line":108,"column":8},"end":{"line":108,"column":8}}]},"6":{"line":109,"type":"if","locations":[{"start":{"line":109,"column":8},"end":{"line":109,"column":8}},{"start":{"line":109,"column":8},"end":{"line":109,"column":8}}]},"7":{"line":110,"type":"if","locations":[{"start":{"line":110,"column":8},"end":{"line":110,"column":8}},{"start":{"line":110,"column":8},"end":{"line":110,"column":8}}]},"8":{"line":112,"type":"if","locations":[{"start":{"line":112,"column":8},"end":{"line":112,"column":8}},{"start":{"line":112,"column":8},"end":{"line":112,"column":8}}]}}},"contracts/Token.sol":{"l":{"17":32,"18":32,"19":32},"path":"/root/projects/_Sale/contracts/Token.sol","s":{"1":32,"2":32,"3":32},"b":{},"f":{"1":32},"fnMap":{"1":{"name":null,"line":16,"loc":{"start":{"line":16,"column":4},"end":{"line":16,"column":22}}}},"statementMap":{"1":{"start":{"line":17,"column":8},"end":{"line":17,"column":36}},"2":{"start":{"line":18,"column":8},"end":{"line":18,"column":44}},"3":{"start":{"line":19,"column":8},"end":{"line":19,"column":54}}},"branchMap":{}}}