{"contracts/Presale.sol":{"l":{"36":48,"37":47,"39":46,"40":46,"47":35,"48":29,"56":29,"57":25,"66":11,"74":61,"75":61,"76":61,"77":61,"85":6,"86":13,"95":3,"102":3,"104":3,"109":2,"110":2,"115":3,"116":2,"123":6,"124":5,"127":4,"129":3,"130":3,"131":2,"132":2,"137":35,"138":35,"141":25,"144":25,"146":25,"147":25,"155":25,"157":25,"158":25,"169":25,"184":25,"185":25,"202":25},"path":"/root/projects/Sale/contracts/Presale.sol","s":{"1":48,"2":47,"3":46,"4":46,"5":35,"6":29,"7":11,"8":61,"9":61,"10":61,"11":61,"12":6,"13":13,"14":3,"15":3,"16":3,"17":2,"18":2,"19":3,"20":2,"21":6,"22":5,"23":4,"24":3,"25":3,"26":2,"27":2,"28":35,"29":35,"30":25,"31":25,"32":25,"33":25,"34":25,"35":25,"36":25,"37":25,"38":25,"39":25},"b":{"1":[47,1],"2":[46,1],"3":[29,6],"4":[25,4],"5":[2,1],"6":[1,1],"7":[5,1],"8":[4,1],"9":[3,1],"10":[2,1]},"f":{"1":48,"2":35,"3":29,"4":11,"5":61,"6":6,"7":3,"8":3,"9":2,"10":3,"11":6,"12":35,"13":25,"14":25,"15":25},"fnMap":{"1":{"name":null,"line":34,"loc":{"start":{"line":34,"column":4},"end":{"line":34,"column":135}}},"2":{"name":"isWhitelisted","line":46,"loc":{"start":{"line":46,"column":4},"end":{"line":46,"column":46}}},"3":{"name":"onlyWhileOpen","line":54,"loc":{"start":{"line":54,"column":4},"end":{"line":54,"column":24}}},"4":{"name":"hasClosed","line":64,"loc":{"start":{"line":64,"column":4},"end":{"line":64,"column":49}}},"5":{"name":"addToWhitelist","line":73,"loc":{"start":{"line":73,"column":4},"end":{"line":73,"column":95}}},"6":{"name":"addManyToWhitelist","line":84,"loc":{"start":{"line":84,"column":4},"end":{"line":84,"column":109}}},"7":{"name":"removeFromWhitelist","line":94,"loc":{"start":{"line":94,"column":4},"end":{"line":94,"column":71}}},"8":{"name":"finalize","line":99,"loc":{"start":{"line":99,"column":4},"end":{"line":99,"column":40}}},"9":{"name":"setOpeningAndClosingTime","line":108,"loc":{"start":{"line":108,"column":4},"end":{"line":108,"column":98}}},"10":{"name":"transferTokens","line":114,"loc":{"start":{"line":114,"column":4},"end":{"line":114,"column":78}}},"11":{"name":"withdrawTokens","line":122,"loc":{"start":{"line":122,"column":4},"end":{"line":122,"column":34}}},"12":{"name":"buyTokens","line":135,"loc":{"start":{"line":135,"column":4},"end":{"line":135,"column":57}}},"13":{"name":"_getTokenAmount","line":166,"loc":{"start":{"line":166,"column":4},"end":{"line":168,"column":5}}},"14":{"name":"_processPurchase","line":177,"loc":{"start":{"line":177,"column":4},"end":{"line":183,"column":5}}},"15":{"name":"_preValidatePurchase","line":193,"loc":{"start":{"line":193,"column":4},"end":{"line":201,"column":5}}}},"statementMap":{"1":{"start":{"line":36,"column":8},"end":{"line":36,"column":47}},"2":{"start":{"line":37,"column":8},"end":{"line":37,"column":44}},"3":{"start":{"line":39,"column":8},"end":{"line":39,"column":33}},"4":{"start":{"line":40,"column":8},"end":{"line":40,"column":33}},"5":{"start":{"line":47,"column":8},"end":{"line":47,"column":51}},"6":{"start":{"line":56,"column":8},"end":{"line":56,"column":80}},"7":{"start":{"line":66,"column":8},"end":{"line":66,"column":44}},"8":{"start":{"line":74,"column":8},"end":{"line":74,"column":58}},"9":{"start":{"line":75,"column":8},"end":{"line":75,"column":30}},"10":{"start":{"line":76,"column":8},"end":{"line":76,"column":23}},"11":{"start":{"line":77,"column":8},"end":{"line":77,"column":43}},"12":{"start":{"line":85,"column":8},"end":{"line":85,"column":2833}},"13":{"start":{"line":86,"column":12},"end":{"line":86,"column":71}},"14":{"start":{"line":95,"column":8},"end":{"line":95,"column":50}},"15":{"start":{"line":102,"column":8},"end":{"line":102,"column":36}},"16":{"start":{"line":104,"column":8},"end":{"line":104,"column":24}},"17":{"start":{"line":109,"column":8},"end":{"line":109,"column":33}},"18":{"start":{"line":110,"column":8},"end":{"line":110,"column":33}},"19":{"start":{"line":115,"column":8},"end":{"line":115,"column":56}},"20":{"start":{"line":116,"column":8},"end":{"line":116,"column":51}},"21":{"start":{"line":123,"column":8},"end":{"line":123,"column":27}},"22":{"start":{"line":124,"column":8},"end":{"line":124,"column":49}},"23":{"start":{"line":127,"column":8},"end":{"line":127,"column":87}},"24":{"start":{"line":129,"column":8},"end":{"line":129,"column":44}},"25":{"start":{"line":130,"column":8},"end":{"line":130,"column":26}},"26":{"start":{"line":131,"column":8},"end":{"line":131,"column":31}},"27":{"start":{"line":132,"column":8},"end":{"line":132,"column":41}},"28":{"start":{"line":137,"column":8},"end":{"line":137,"column":36}},"29":{"start":{"line":138,"column":8},"end":{"line":138,"column":52}},"30":{"start":{"line":141,"column":8},"end":{"line":141,"column":64}},"31":{"start":{"line":144,"column":8},"end":{"line":144,"column":43}},"32":{"start":{"line":146,"column":8},"end":{"line":146,"column":45}},"33":{"start":{"line":147,"column":8},"end":{"line":147,"column":4888}},"34":{"start":{"line":155,"column":8},"end":{"line":155,"column":54}},"35":{"start":{"line":157,"column":8},"end":{"line":157,"column":22}},"36":{"start":{"line":158,"column":8},"end":{"line":158,"column":53}},"37":{"start":{"line":169,"column":8},"end":{"line":169,"column":59}},"38":{"start":{"line":184,"column":8},"end":{"line":184,"column":72}},"39":{"start":{"line":185,"column":8},"end":{"line":185,"column":56}}},"branchMap":{"1":{"line":36,"type":"if","locations":[{"start":{"line":36,"column":8},"end":{"line":36,"column":8}},{"start":{"line":36,"column":8},"end":{"line":36,"column":8}}]},"2":{"line":37,"type":"if","locations":[{"start":{"line":37,"column":8},"end":{"line":37,"column":8}},{"start":{"line":37,"column":8},"end":{"line":37,"column":8}}]},"3":{"line":47,"type":"if","locations":[{"start":{"line":47,"column":8},"end":{"line":47,"column":8}},{"start":{"line":47,"column":8},"end":{"line":47,"column":8}}]},"4":{"line":56,"type":"if","locations":[{"start":{"line":56,"column":8},"end":{"line":56,"column":8}},{"start":{"line":56,"column":8},"end":{"line":56,"column":8}}]},"5":{"line":115,"type":"if","locations":[{"start":{"line":115,"column":8},"end":{"line":115,"column":8}},{"start":{"line":115,"column":8},"end":{"line":115,"column":8}}]},"6":{"line":116,"type":"if","locations":[{"start":{"line":116,"column":8},"end":{"line":116,"column":8}},{"start":{"line":116,"column":8},"end":{"line":116,"column":8}}]},"7":{"line":123,"type":"if","locations":[{"start":{"line":123,"column":8},"end":{"line":123,"column":8}},{"start":{"line":123,"column":8},"end":{"line":123,"column":8}}]},"8":{"line":124,"type":"if","locations":[{"start":{"line":124,"column":8},"end":{"line":124,"column":8}},{"start":{"line":124,"column":8},"end":{"line":124,"column":8}}]},"9":{"line":127,"type":"if","locations":[{"start":{"line":127,"column":8},"end":{"line":127,"column":8}},{"start":{"line":127,"column":8},"end":{"line":127,"column":8}}]},"10":{"line":130,"type":"if","locations":[{"start":{"line":130,"column":8},"end":{"line":130,"column":8}},{"start":{"line":130,"column":8},"end":{"line":130,"column":8}}]}}},"contracts/Token.sol":{"l":{"17":45,"18":45,"19":45},"path":"/root/projects/Sale/contracts/Token.sol","s":{"1":45,"2":45,"3":45},"b":{},"f":{"1":45},"fnMap":{"1":{"name":null,"line":16,"loc":{"start":{"line":16,"column":4},"end":{"line":16,"column":22}}}},"statementMap":{"1":{"start":{"line":17,"column":8},"end":{"line":17,"column":36}},"2":{"start":{"line":18,"column":8},"end":{"line":18,"column":44}},"3":{"start":{"line":19,"column":8},"end":{"line":19,"column":54}}},"branchMap":{}}}