TN:
SF:/root/projects/_Sale/contracts/Presale.sol
FN:34,
FN:46,isWhitelisted
FN:54,onlyWhileOpen
FN:64,hasClosed
FN:73,addToWhitelist
FN:84,addManyToWhitelist
FN:94,removeFromWhitelist
FN:99,finalize
FN:107,withdrawTokens
FN:117,buyTokens
FN:147,_getTokenAmount
FN:158,_processPurchase
FN:173,_preValidatePurchase
FNF:13
FNH:13
FNDA:32,
FNDA:17,isWhitelisted
FNDA:14,onlyWhileOpen
FNDA:3,hasClosed
FNDA:43,addToWhitelist
FNDA:5,addManyToWhitelist
FNDA:2,removeFromWhitelist
FNDA:1,finalize
FNDA:1,withdrawTokens
FNDA:17,buyTokens
FNDA:12,_getTokenAmount
FNDA:12,_processPurchase
FNDA:12,_preValidatePurchase
DA:36,32
DA:37,32
DA:39,32
DA:40,32
DA:47,17
DA:48,14
DA:56,14
DA:57,12
DA:66,3
DA:74,43
DA:75,43
DA:76,43
DA:77,43
DA:85,5
DA:86,10
DA:95,2
DA:100,1
DA:101,1
DA:108,1
DA:109,0
DA:110,0
DA:111,0
DA:112,0
DA:113,0
DA:114,0
DA:119,17
DA:120,17
DA:123,12
DA:126,12
DA:128,12
DA:129,12
DA:136,12
DA:138,12
DA:139,12
DA:150,12
DA:164,12
DA:165,12
DA:181,12
LF:38
LH:32
BRDA:36,1,0,32
BRDA:36,1,1,0
BRDA:37,2,0,32
BRDA:37,2,1,0
BRDA:47,3,0,14
BRDA:47,3,1,3
BRDA:56,4,0,12
BRDA:56,4,1,2
BRDA:108,5,0,0
BRDA:108,5,1,1
BRDA:109,6,0,0
BRDA:109,6,1,0
BRDA:110,7,0,0
BRDA:110,7,1,0
BRDA:112,8,0,0
BRDA:112,8,1,0
BRF:16
BRH:7
end_of_record
TN:
SF:/root/projects/_Sale/contracts/Token.sol
FN:16,
FNF:1
FNH:1
FNDA:32,
DA:17,32
DA:18,32
DA:19,32
LF:3
LH:3
BRF:0
BRH:0
end_of_record
